This is pdfTeX, Version 3.1415926-2.5-1.40.14 (TeX Live 2013/Debian) (format=pdftex 2014.8.17)  19 FEB 2015 22:31
entering extended mode
 restricted \write18 enabled.
 %&-line parsing enabled.
**/home/keiner/work/Hebewerk/flyer.tex
(/home/keiner/work/Hebewerk/flyer.tex
! Undefined control sequence.
l.2 \documentclass
                  {leaflet}
The control sequence at the end of the top line
of your error message was never \def'ed. If you have
misspelled it (e.g., `\hobx'), type `I' and the correct
spelling (e.g., `I\hbox'). Otherwise just continue,
and I'll forget about whatever was undefined.

! Undefined control sequence.
l.3 \usepackage
               [ngerman]{babel}
The control sequence at the end of the top line
of your error message was never \def'ed. If you have
misspelled it (e.g., `\hobx'), type `I' and the correct
spelling (e.g., `I\hbox'). Otherwise just continue,
and I'll forget about whatever was undefined.

! Undefined control sequence.
l.4 \usepackage
               [utf8]{inputenc}
The control sequence at the end of the top line
of your error message was never \def'ed. If you have
misspelled it (e.g., `\hobx'), type `I' and the correct
spelling (e.g., `I\hbox'). Otherwise just continue,
and I'll forget about whatever was undefined.

! Undefined control sequence.
l.5 \usepackage
               {blindtext}
The control sequence at the end of the top line
of your error message was never \def'ed. If you have
misspelled it (e.g., `\hobx'), type `I' and the correct
spelling (e.g., `I\hbox'). Otherwise just continue,
and I'll forget about whatever was undefined.

! Undefined control sequence.
l.6 \usepackage
               {biolinum}
The control sequence at the end of the top line
of your error message was never \def'ed. If you have
misspelled it (e.g., `\hobx'), type `I' and the correct
spelling (e.g., `I\hbox'). Otherwise just continue,
and I'll forget about whatever was undefined.

! Undefined control sequence.
l.7 \renewcommand
                 \rmdefault{\sfdefault}% Verwende serifenlose Schrift
The control sequence at the end of the top line
of your error message was never \def'ed. If you have
misspelled it (e.g., `\hobx'), type `I' and the correct
spelling (e.g., `I\hbox'). Otherwise just continue,
and I'll forget about whatever was undefined.

! Undefined control sequence.
l.7 \renewcommand\rmdefault
                           {\sfdefault}% Verwende serifenlose Schrift
The control sequence at the end of the top line
of your error message was never \def'ed. If you have
misspelled it (e.g., `\hobx'), type `I' and the correct
spelling (e.g., `I\hbox'). Otherwise just continue,
and I'll forget about whatever was undefined.

! Undefined control sequence.
l.7 \renewcommand\rmdefault{\sfdefault
                                      }% Verwende serifenlose Schrift
The control sequence at the end of the top line
of your error message was never \def'ed. If you have
misspelled it (e.g., `\hobx'), type `I' and the correct
spelling (e.g., `I\hbox'). Otherwise just continue,
and I'll forget about whatever was undefined.

! Undefined control sequence.
l.8 \usepackage
               {mwe}% Dummy Bilder
The control sequence at the end of the top line
of your error message was never \def'ed. If you have
misspelled it (e.g., `\hobx'), type `I' and the correct
spelling (e.g., `I\hbox'). Otherwise just continue,
and I'll forget about whatever was undefined.

! Undefined control sequence.
l.9 \usepackage
               {xcolor}
The control sequence at the end of the top line
of your error message was never \def'ed. If you have
misspelled it (e.g., `\hobx'), type `I' and the correct
spelling (e.g., `I\hbox'). Otherwise just continue,
and I'll forget about whatever was undefined.

! Undefined control sequence.
l.10 \AddToBackground
                     {1}{\put(0,0){\textcolor{green!20}{\rule{\paperwidth}{\...
The control sequence at the end of the top line
of your error message was never \def'ed. If you have
misspelled it (e.g., `\hobx'), type `I' and the correct
spelling (e.g., `I\hbox'). Otherwise just continue,
and I'll forget about whatever was undefined.

! Undefined control sequence.
l.10 \AddToBackground{1}{\put
                             (0,0){\textcolor{green!20}{\rule{\paperwidth}{\...
The control sequence at the end of the top line
of your error message was never \def'ed. If you have
misspelled it (e.g., `\hobx'), type `I' and the correct
spelling (e.g., `I\hbox'). Otherwise just continue,
and I'll forget about whatever was undefined.

! Undefined control sequence.
l.10 \AddToBackground{1}{\put(0,0){\textcolor
                                             {green!20}{\rule{\paperwidth}{\...
The control sequence at the end of the top line
of your error message was never \def'ed. If you have
misspelled it (e.g., `\hobx'), type `I' and the correct
spelling (e.g., `I\hbox'). Otherwise just continue,
and I'll forget about whatever was undefined.

! Undefined control sequence.
l.10 ...nd{1}{\put(0,0){\textcolor{green!20}{\rule
                                                  {\paperwidth}{\paperheight...
The control sequence at the end of the top line
of your error message was never \def'ed. If you have
misspelled it (e.g., `\hobx'), type `I' and the correct
spelling (e.g., `I\hbox'). Otherwise just continue,
and I'll forget about whatever was undefined.

! Undefined control sequence.
l.10 ...,0){\textcolor{green!20}{\rule{\paperwidth
                                                  }{\paperheight}}}}% Farbig...
The control sequence at the end of the top line
of your error message was never \def'ed. If you have
misspelled it (e.g., `\hobx'), type `I' and the correct
spelling (e.g., `I\hbox'). Otherwise just continue,
and I'll forget about whatever was undefined.

! Undefined control sequence.
l.10 ...{green!20}{\rule{\paperwidth}{\paperheight
                                                  }}}}% Farbiger Hintergrund...
The control sequence at the end of the top line
of your error message was never \def'ed. If you have
misspelled it (e.g., `\hobx'), type `I' and the correct
spelling (e.g., `I\hbox'). Otherwise just continue,
and I'll forget about whatever was undefined.

! Undefined control sequence.
l.13 \begin
           {document}
The control sequence at the end of the top line
of your error message was never \def'ed. If you have
misspelled it (e.g., `\hobx'), type `I' and the correct
spelling (e.g., `I\hbox'). Otherwise just continue,
and I'll forget about whatever was undefined.

! Undefined control sequence.
l.14 \title
           {Leerstand-kreativ-nutzen-Projekt in der Havellandstra√üe 20 (Ebe...
The control sequence at the end of the top line
of your error message was never \def'ed. If you have
misspelled it (e.g., `\hobx'), type `I' and the correct
spelling (e.g., `I\hbox'). Otherwise just continue,
and I'll forget about whatever was undefined.

Missing character: There is no √ in font cmr10!
Missing character: There is no ü in font cmr10!
! Undefined control sequence.
l.15 \author
            {Hebewerk e.V.}
The control sequence at the end of the top line
of your error message was never \def'ed. If you have
misspelled it (e.g., `\hobx'), type `I' and the correct
spelling (e.g., `I\hbox'). Otherwise just continue,
and I'll forget about whatever was undefined.

! Undefined control sequence.
l.16 \date
          {M√§rz 2015}
The control sequence at the end of the top line
of your error message was never \def'ed. If you have
misspelled it (e.g., `\hobx'), type `I' and the correct
spelling (e.g., `I\hbox'). Otherwise just continue,
and I'll forget about whatever was undefined.

Missing character: There is no √ in font cmr10!
Missing character: There is no § in font cmr10!
! Undefined control sequence.
l.17 \maketitle
               
The control sequence at the end of the top line
of your error message was never \def'ed. If you have
misspelled it (e.g., `\hobx'), type `I' and the correct
spelling (e.g., `I\hbox'). Otherwise just continue,
and I'll forget about whatever was undefined.

! Undefined control sequence.
l.18 \thispagestyle
                   {empty}% Keine Seitenzahlen
The control sequence at the end of the top line
of your error message was never \def'ed. If you have
misspelled it (e.g., `\hobx'), type `I' and the correct
spelling (e.g., `I\hbox'). Otherwise just continue,
and I'll forget about whatever was undefined.

! Undefined control sequence.
l.19 \dlearpage
               
The control sequence at the end of the top line
of your error message was never \def'ed. If you have
misspelled it (e.g., `\hobx'), type `I' and the correct
spelling (e.g., `I\hbox'). Otherwise just continue,
and I'll forget about whatever was undefined.

! Undefined control sequence.
l.21 \section
             {Diese R√§ume sind, was ihr draus macht}
The control sequence at the end of the top line
of your error message was never \def'ed. If you have
misspelled it (e.g., `\hobx'), type `I' and the correct
spelling (e.g., `I\hbox'). Otherwise just continue,
and I'll forget about whatever was undefined.

Missing character: There is no √ in font cmr10!
Missing character: There is no § in font cmr10!
Missing character: There is no √ in font cmr10!
Missing character: There is no § in font cmr10!
Missing character: There is no √ in font cmr10!
Missing character: There is no º in font cmr10!
Missing character: There is no √ in font cmr10!
Missing character: There is no ∂ in font cmr10!
Missing character: There is no √ in font cmr10!
Missing character: There is no § in font cmr10!
Missing character: There is no √ in font cmr10!
Missing character: There is no º in font cmr10!
Missing character: There is no √ in font cmr10!
Missing character: There is no º in font cmr10!
Missing character: There is no √ in font cmr10!
Missing character: There is no º in font cmr10!
Missing character: There is no √ in font cmr10!
Missing character: There is no º in font cmr10!
Missing character: There is no ‚ in font cmr10!
Missing character: There is no Ä in font cmr10!
Missing character: There is no ¶ in font cmr10!
Missing character: There is no ‚ in font cmr10!
Missing character: There is no Ä in font cmr10!
Missing character: There is no ¶ in font cmr10!
Missing character: There is no √ in font cmr10!
Missing character: There is no § in font cmr10!
Missing character: There is no √ in font cmr10!
Missing character: There is no ∂ in font cmr10!
Missing character: There is no √ in font cmr10!
Missing character: There is no ü in font cmr10!
Missing character: There is no √ in font cmr10!
Missing character: There is no ∂ in font cmr10!
Missing character: There is no √ in font cmr10!
Missing character: There is no º in font cmr10!
Missing character: There is no ‚ in font cmr10!
Missing character: There is no Ä in font cmr10!
Missing character: There is no ¶ in font cmr10!
Missing character: There is no √ in font cmr10!
Missing character: There is no ü in font cmr10!
Missing character: There is no √ in font cmr10!
Missing character: There is no ∂ in font cmr10!
Runaway argument?
 \\ \^^M\\ \^^MWir verstehen uns als parteiunabh√§ngig und antirassis\ETC.
! Paragraph ended before \\ was complete.
<to be read again> 
                   \par 
l.28 
     
I suspect you've forgotten a `}', causing me to apply this
control sequence to too much text. How can we recover?
My plan is to forget the whole thing and hope for the best.

! Undefined control sequence.
l.30 \clearpage
               
The control sequence at the end of the top line
of your error message was never \def'ed. If you have
misspelled it (e.g., `\hobx'), type `I' and the correct
spelling (e.g., `I\hbox'). Otherwise just continue,
and I'll forget about whatever was undefined.

! Undefined control sequence.
l.33 \section
             {Projekte}
The control sequence at the end of the top line
of your error message was never \def'ed. If you have
misspelled it (e.g., `\hobx'), type `I' and the correct
spelling (e.g., `I\hbox'). Otherwise just continue,
and I'll forget about whatever was undefined.

! Undefined control sequence.
l.35 \begin
           {description}
The control sequence at the end of the top line
of your error message was never \def'ed. If you have
misspelled it (e.g., `\hobx'), type `I' and the correct
spelling (e.g., `I\hbox'). Otherwise just continue,
and I'll forget about whatever was undefined.

Missing character: There is no √ in font cmr10!
Missing character: There is no § in font cmr10!
Missing character: There is no √ in font cmr10!
Missing character: There is no ∂ in font cmr10!
Missing character: There is no √ in font cmr10!
Missing character: There is no § in font cmr10!
Missing character: There is no √ in font cmr10!
Missing character: There is no ∂ in font cmr10!
Missing character: There is no √ in font cmr10!
Missing character: There is no º in font cmr10!
Missing character: There is no √ in font cmr10!
Missing character: There is no º in font cmr10!
Missing character: There is no √ in font cmr10!
Missing character: There is no ü in font cmr10!
Missing character: There is no √ in font cmr10!
Missing character: There is no § in font cmr10!
Missing character: There is no √ in font cmr10!
Missing character: There is no º in font cmr10!
Missing character: There is no √ in font cmr10!
Missing character: There is no ∂ in font cmr10!
Missing character: There is no √ in font cmr10!
Missing character: There is no º in font cmr10!
Missing character: There is no √ in font cmr10!
Missing character: There is no º in font cmr10!
Missing character: There is no √ in font cmr10!
Missing character: There is no § in font cmr10!
Missing character: There is no √ in font cmr10!
Missing character: There is no ∂ in font cmr10!
Missing character: There is no ‚ in font cmr10!
Missing character: There is no Ä in font cmr10!
Missing character: There is no ¶ in font cmr10!
Missing character: There is no √ in font cmr10!
Missing character: There is no § in font cmr10!
Missing character: There is no √ in font cmr10!
Missing character: There is no ü in font cmr10!
! Undefined control sequence.
l.43 \newpage
             
The control sequence at the end of the top line
of your error message was never \def'ed. If you have
misspelled it (e.g., `\hobx'), type `I' and the correct
spelling (e.g., `I\hbox'). Otherwise just continue,
and I'll forget about whatever was undefined.

! Undefined control sequence.
l.45 \section
             {Die beteiligten Initiativen}
The control sequence at the end of the top line
of your error message was never \def'ed. If you have
misspelled it (e.g., `\hobx'), type `I' and the correct
spelling (e.g., `I\hbox'). Otherwise just continue,
and I'll forget about whatever was undefined.

Missing character: There is no √ in font cmr10!
Missing character: There is no º in font cmr10!
Missing character: There is no √ in font cmr10!
Missing character: There is no º in font cmr10!
Missing character: There is no √ in font cmr10!
Missing character: There is no § in font cmr10!
Missing character: There is no √ in font cmr10!
Missing character: There is no º in font cmr10!

Overfull \hbox (16.80132pt too wide) in paragraph at lines 47--48
[][]\tenrm Wandelbar] Wan-del-Bar ist eine Ini-tia-tive, die sich vor dem Hin-ter-grund zur-ck-ge-hen-der na-tr-licher Ressourcen,|

\hbox(7.5+2.5)x469.75499, glue set - 1.0
.\hbox(0.0+0.0)x20.0
.\hbox(7.5+2.5)x0.0, glue set - 7.77779fil
..\glue 0.0 plus 1.0fil minus 1.0fil
..\tenrm [
..\kern 5.0
.\tenrm W
.\kern-0.83334
.\tenrm a
.etc.

Missing character: There is no √ in font cmr10!
Missing character: There is no ∂ in font cmr10!
Missing character: There is no √ in font cmr10!
Missing character: There is no § in font cmr10!
Missing character: There is no √ in font cmr10!
Missing character: There is no ∂ in font cmr10!
Missing character: There is no √ in font cmr10!
Missing character: There is no º in font cmr10!
Missing character: There is no √ in font cmr10!
Missing character: There is no º in font cmr10!
Missing character: There is no √ in font cmr10!
Missing character: There is no ∂ in font cmr10!
Missing character: There is no √ in font cmr10!
Missing character: There is no § in font cmr10!
Missing character: There is no √ in font cmr10!
Missing character: There is no º in font cmr10!
Missing character: There is no √ in font cmr10!
Missing character: There is no º in font cmr10!
Missing character: There is no √ in font cmr10!
Missing character: There is no ∂ in font cmr10!
Missing character: There is no √ in font cmr10!
Missing character: There is no º in font cmr10!
[1{/var/lib/texmf/fonts/map/pdftex/updmap/pdftex.map}] )</usr/share/texlive/texmf-dist/fonts/type1/public/amsfonts/cm/cmr10.pfb>
Output written on /home/keiner/work/Hebewerk/.tmp/vHYeMzD/12/flyer.pdf (1 page, 26820 bytes).
PDF statistics:
 12 PDF objects out of 1000 (max. 8388607)
 7 compressed objects within 1 object stream
 0 named destinations out of 1000 (max. 500000)
 1 words of extra memory for PDF output out of 10000 (max. 10000000)

